<?xml version="1.0" encoding="UTF-8"?>
<!-- Generated by org.testng.reporters.JUnitXMLReporter -->
<testsuite hostname="Reenus-MacBook-Pro.local" ignored="0" name="Test" tests="1" failures="1" timestamp="18 Dec 2017 07:35:28 GMT" time="0.047" errors="0">
  <testcase name="StartRespectiveBrowser" time="0.0" classname="Listners.DataDriven">
    <failure type="org.testng.TestNGException" message="
Parameter &amp;apos;url&amp;apos; is required by @Test on method StartRespectiveBrowser but has not been marked @Optional or defined
in /Users/reenupanwar/Documents/SeleniumPrograms/TestNGFrameWork/testng.xml">
      <![CDATA[org.testng.TestNGException: Parameter 'url' is required by @Test on method StartRespectiveBrowser but has not been marked @Optional or definedin /Users/reenupanwar/Documents/SeleniumPrograms/TestNGFrameWork/testng.xml... Removed 24 stack frames]]>
    </failure>
  </testcase> <!-- StartRespectiveBrowser -->
</testsuite> <!-- Test -->
