<?xml version="1.0" encoding="UTF-8"?>
<!-- Generated by org.testng.reporters.JUnitXMLReporter -->
<testsuite hostname="Reenus-MBP" name="MatchScore" tests="10" failures="1" timestamp="28 Jul 2017 20:56:04 GMT" time="210.195" errors="0">
  <testcase name="OpenApp" time="27.58" classname="com.Android.matchstats.MatchScoreVerification"/>
  <testcase name="LoginApp" time="21.628" classname="com.Android.matchstats.MatchScoreVerification"/>
  <testcase name="OpenMatchScore" time="9.122" classname="com.Android.matchstats.MatchScoreVerification"/>
  <testcase name="matchdetails" time="50.618" classname="com.Android.matchstats.MatchScoreVerification"/>
  <testcase name="EnterBatting" time="14.658" classname="com.Android.matchstats.MatchScoreVerification">
    <failure type="org.openqa.selenium.NoSuchElementException" message="An element could not be located on the page using the given search parameters. (WARNING: The server did not provide any stacktrace information)
Command duration or timeout: 108 milliseconds
For documentation on this error, please visit: http://seleniumhq.org/exceptions/no_such_element.html
Build info: version: &amp;apos;2.53.1&amp;apos;, revision: &amp;apos;a36b8b1&amp;apos;, time: &amp;apos;2016-06-30 17:37:03&amp;apos;
System info: host: &amp;apos;Reenus-MBP&amp;apos;, ip: &amp;apos;192.168.1.2&amp;apos;, os.name: &amp;apos;Mac OS X&amp;apos;, os.arch: &amp;apos;x86_64&amp;apos;, os.version: &amp;apos;10.12&amp;apos;, java.version: &amp;apos;1.8.0_131&amp;apos;
Driver info: io.appium.java_client.android.AndroidDriver
Capabilities [{app=/Users/reenupanwar/Desktop/builds/stagedebug.apk, appPackage=com.pitchvision.stage.debug, networkConnectionEnabled=true, noReset=true, warnings={}, appWaitPackage=com.pitchvision.stage.debug, appWaitActivity=com.pitchvision.android.activities.Splash, databaseEnabled=false, deviceName=SORS9LY54HEA4SFE, platform=LINUX, deviceUDID=SORS9LY54HEA4SFE, appActivity=com.pitchvision.android.activities.Splash, desired={app=/Users/reenupanwar/Desktop/builds/stagedebug.apk, appium-version=1.0, noReset=true, platformVersion=6.0, automationName=Appium, platformName=Android, deviceName=S6}, appium-version=1.0, platformVersion=6.0, webStorageEnabled=false, locationContextEnabled=false, automationName=Appium, takesScreenshot=true, javascriptEnabled=true, platformName=Android}]
Session ID: 770c7ba6-9a8e-45dc-8341-cbd81f976122
*** Element info: {Using=xpath, value=//android.widget.FrameLayout[1]/android.widget.ListView[1]/android.widget.TextView[4]}">
      <![CDATA[org.openqa.selenium.NoSuchElementException: An element could not be located on the page using the given search parameters. (WARNING: The server did not provide any stacktrace information)
Command duration or timeout: 108 milliseconds
For documentation on this error, please visit: http://seleniumhq.org/exceptions/no_such_element.html
Build info: version: '2.53.1', revision: 'a36b8b1', time: '2016-06-30 17:37:03'
System info: host: 'Reenus-MBP', ip: '192.168.1.2', os.name: 'Mac OS X', os.arch: 'x86_64', os.version: '10.12', java.version: '1.8.0_131'
Driver info: io.appium.java_client.android.AndroidDriver
Capabilities [{app=/Users/reenupanwar/Desktop/builds/stagedebug.apk, appPackage=com.pitchvision.stage.debug, networkConnectionEnabled=true, noReset=true, warnings={}, appWaitPackage=com.pitchvision.stage.debug, appWaitActivity=com.pitchvision.android.activities.Splash, databaseEnabled=false, deviceName=SORS9LY54HEA4SFE, platform=LINUX, deviceUDID=SORS9LY54HEA4SFE, appActivity=com.pitchvision.android.activities.Splash, desired={app=/Users/reenupanwar/Desktop/builds/stagedebug.apk, appium-version=1.0, noReset=true, platformVersion=6.0, automationName=Appium, platformName=Android, deviceName=S6}, appium-version=1.0, platformVersion=6.0, webStorageEnabled=false, locationContextEnabled=false, automationName=Appium, takesScreenshot=true, javascriptEnabled=true, platformName=Android}]
Session ID: 770c7ba6-9a8e-45dc-8341-cbd81f976122
*** Element info: {Using=xpath, value=//android.widget.FrameLayout[1]/android.widget.ListView[1]/android.widget.TextView[4]}
	at org.openqa.selenium.remote.ErrorHandler.createThrowable(ErrorHandler.java:206)
	at org.openqa.selenium.remote.ErrorHandler.throwIfResponseFailed(ErrorHandler.java:158)
	at org.openqa.selenium.remote.RemoteWebDriver.execute(RemoteWebDriver.java:678)
	at io.appium.java_client.AppiumDriver.execute(AppiumDriver.java:180)
	at org.openqa.selenium.remote.RemoteWebDriver.findElement(RemoteWebDriver.java:363)
	at org.openqa.selenium.remote.RemoteWebDriver.findElementByXPath(RemoteWebDriver.java:500)
	at org.openqa.selenium.By$ByXPath.findElement(By.java:361)
	at org.openqa.selenium.remote.RemoteWebDriver.findElement(RemoteWebDriver.java:355)
	at com.Android.matchstats.MatchScoreVerification.EnterBatting(MatchScoreVerification.java:133)
... Removed 28 stack frames]]>
    </failure>
  </testcase> <!-- EnterBatting -->
  <testcase name="EnterBowling" time="41.062" classname="com.Android.matchstats.MatchScoreVerification"/>
  <testcase name="EnterFieding" time="26.491" classname="com.Android.matchstats.MatchScoreVerification"/>
  <testcase name="verifyBattingStrickerate" time="6.112" classname="com.Android.matchstats.MatchScoreVerification"/>
  <testcase name="verifyBowingStrikerate" time="6.273" classname="com.Android.matchstats.MatchScoreVerification"/>
  <testcase name="verifyBowlingEconomy" time="6.615" classname="com.Android.matchstats.MatchScoreVerification"/>
</testsuite> <!-- MatchScore -->
